<?xml version="1.0" encoding="UTF-8"?>
<!-- Generated by org.testng.reporters.JUnitReportReporter -->
<testsuite hostname="DESKTOP-QDU2JEK" failures="0" tests="1" name="testCases.Login_Testcase" time="1.500" errors="0" timestamp="2024-02-09T11:34:52 IST" skipped="0">
  <testcase classname="testCases.Login_Testcase" name="login" time="1.500"/>
</testsuite> <!-- testCases.Login_Testcase -->
